[    11.604] (--) Log file renamed from "/home/yellaabhiam/.local/share/xorg/Xorg.pid-880.log" to "/home/yellaabhiam/.local/share/xorg/Xorg.0.log"
[    11.611] 
X.Org X Server 1.20.4
X Protocol Version 11, Revision 0
[    11.611] Build Operating System: Linux 4.4.0-148-generic x86_64 Ubuntu
[    11.611] Current Operating System: Linux yellaabhiam 5.0.0-32-generic #34~18.04.2-Ubuntu SMP Thu Oct 10 10:36:02 UTC 2019 x86_64
[    11.611] Kernel command line: BOOT_IMAGE=/boot/vmlinuz-5.0.0-32-generic root=UUID=b37537a8-00e5-4bea-aa0e-1ed4f22a5d6c ro quiet splash
[    11.611] Build Date: 02 May 2019  08:06:54AM
[    11.611] xorg-server-hwe-18.04 2:1.20.4-1ubuntu3~18.04.1 (For technical support please see http://www.ubuntu.com/support) 
[    11.611] Current version of pixman: 0.34.0
[    11.611] 	Before reporting problems, check http://wiki.x.org
	to make sure that you have the latest version.
[    11.611] Markers: (--) probed, (**) from config file, (==) default setting,
	(++) from command line, (!!) notice, (II) informational,
	(WW) warning, (EE) error, (NI) not implemented, (??) unknown.
[    11.611] (==) Log file: "/home/yellaabhiam/.local/share/xorg/Xorg.0.log", Time: Mon Nov  4 21:38:06 2019
[    11.615] (==) Using system config directory "/usr/share/X11/xorg.conf.d"
[    11.617] (==) No Layout section.  Using the first Screen section.
[    11.617] (==) No screen section available. Using defaults.
[    11.617] (**) |-->Screen "Default Screen Section" (0)
[    11.617] (**) |   |-->Monitor "<default monitor>"
[    11.619] (==) No monitor specified for screen "Default Screen Section".
	Using a default monitor configuration.
[    11.620] (==) Automatically adding devices
[    11.620] (==) Automatically enabling devices
[    11.620] (==) Automatically adding GPU devices
[    11.620] (==) Automatically binding GPU devices
[    11.620] (==) Max clients allowed: 256, resource mask: 0x1fffff
[    11.623] (WW) The directory "/usr/share/fonts/X11/cyrillic" does not exist.
[    11.623] 	Entry deleted from font path.
[    11.623] (WW) The directory "/usr/share/fonts/X11/100dpi/" does not exist.
[    11.623] 	Entry deleted from font path.
[    11.623] (WW) The directory "/usr/share/fonts/X11/75dpi/" does not exist.
[    11.623] 	Entry deleted from font path.
[    11.624] (WW) The directory "/usr/share/fonts/X11/100dpi" does not exist.
[    11.624] 	Entry deleted from font path.
[    11.624] (WW) The directory "/usr/share/fonts/X11/75dpi" does not exist.
[    11.624] 	Entry deleted from font path.
[    11.624] (==) FontPath set to:
	/usr/share/fonts/X11/misc,
	/usr/share/fonts/X11/Type1,
	built-ins
[    11.624] (==) ModulePath set to "/usr/lib/xorg/modules"
[    11.624] (II) The server relies on udev to provide the list of input devices.
	If no devices become available, reconfigure udev or disable AutoAddDevices.
[    11.624] (II) Loader magic: 0x55ca91692020
[    11.624] (II) Module ABI versions:
[    11.624] 	X.Org ANSI C Emulation: 0.4
[    11.624] 	X.Org Video Driver: 24.0
[    11.624] 	X.Org XInput driver : 24.1
[    11.625] 	X.Org Server Extension : 10.0
[    11.629] (++) using VT number 1

[    11.637] (II) systemd-logind: took control of session /org/freedesktop/login1/session/_31
[    11.639] (II) xfree86: Adding drm device (/dev/dri/card0)
[    11.642] (II) systemd-logind: got fd for /dev/dri/card0 226:0 fd 12 paused 0
[    11.658] (--) PCI:*(0@0:2:0) 15ad:0405:15ad:0405 rev 0, Mem @ 0xf0000000/16777216, 0xf1000000/2097152, I/O @ 0x0000d010/16, BIOS @ 0x????????/131072
[    11.658] (II) LoadModule: "glx"
[    11.664] (II) Loading /usr/lib/xorg/modules/extensions/libglx.so
[    11.746] (II) Module glx: vendor="X.Org Foundation"
[    11.746] 	compiled for 1.20.4, module version = 1.0.0
[    11.746] 	ABI class: X.Org Server Extension, version 10.0
[    11.746] (==) Matched vmware as autoconfigured driver 0
[    11.746] (==) Matched modesetting as autoconfigured driver 1
[    11.746] (==) Matched fbdev as autoconfigured driver 2
[    11.746] (==) Matched vesa as autoconfigured driver 3
[    11.746] (==) Assigned the driver to the xf86ConfigLayout
[    11.746] (II) LoadModule: "vmware"
[    11.747] (II) Loading /usr/lib/xorg/modules/drivers/vmware_drv.so
[    12.093] (II) Module vmware: vendor="X.Org Foundation"
[    12.093] 	compiled for 1.20.1, module version = 13.3.0
[    12.093] 	Module class: X.Org Video Driver
[    12.093] 	ABI class: X.Org Video Driver, version 24.0
[    12.093] (II) LoadModule: "modesetting"
[    12.094] (II) Loading /usr/lib/xorg/modules/drivers/modesetting_drv.so
[    12.096] (II) Module modesetting: vendor="X.Org Foundation"
[    12.096] 	compiled for 1.20.4, module version = 1.20.4
[    12.096] 	Module class: X.Org Video Driver
[    12.096] 	ABI class: X.Org Video Driver, version 24.0
[    12.096] (II) LoadModule: "fbdev"
[    12.097] (II) Loading /usr/lib/xorg/modules/drivers/fbdev_drv.so
[    12.098] (II) Module fbdev: vendor="X.Org Foundation"
[    12.098] 	compiled for 1.20.1, module version = 0.5.0
[    12.098] 	Module class: X.Org Video Driver
[    12.098] 	ABI class: X.Org Video Driver, version 24.0
[    12.098] (II) LoadModule: "vesa"
[    12.098] (II) Loading /usr/lib/xorg/modules/drivers/vesa_drv.so
[    12.101] (II) Module vesa: vendor="X.Org Foundation"
[    12.101] 	compiled for 1.20.1, module version = 2.4.0
[    12.102] 	Module class: X.Org Video Driver
[    12.102] 	ABI class: X.Org Video Driver, version 24.0
[    12.102] (II) vmware: driver for VMware SVGA: vmware0405, vmware0710
[    12.102] (II) modesetting: Driver for Modesetting Kernel Drivers: kms
[    12.102] (II) FBDEV: driver for framebuffer: fbdev
[    12.102] (II) VESA: driver for VESA chipsets: vesa
[    12.103] xf86EnableIOPorts: failed to set IOPL for I/O (Operation not permitted)
[    12.103] (WW) Falling back to old probe method for modesetting
[    12.103] (WW) Falling back to old probe method for fbdev
[    12.103] (II) Loading sub module "fbdevhw"
[    12.103] (II) LoadModule: "fbdevhw"
[    12.103] (II) Loading /usr/lib/xorg/modules/libfbdevhw.so
[    12.105] (II) Module fbdevhw: vendor="X.Org Foundation"
[    12.105] 	compiled for 1.20.4, module version = 0.0.2
[    12.105] 	ABI class: X.Org Video Driver, version 24.0
[    12.105] (EE) open /dev/fb0: Permission denied
[    12.105] (WW) VGA arbiter: cannot open kernel arbiter, no multi-card support
[    12.105] (II) vmware(0): Creating default Display subsection in Screen section
	"Default Screen Section" for depth/fbbpp 24/32
[    12.105] (--) vmware(0): DRM driver version is 2.15.0
[    12.105] (==) vmware(0): Depth 24, (--) framebuffer bpp 32
[    12.105] (==) vmware(0): RGB weight 888
[    12.105] (==) vmware(0): Default visual is TrueColor
[    12.105] (--) vmware(0): Min width 1, Max Width 8192.
[    12.105] (--) vmware(0): Min height 1, Max Height 8192.
[    12.105] (II) vmware(0): Output Virtual1 has no monitor section
[    12.105] (II) vmware(0): Output Virtual2 has no monitor section
[    12.105] (II) vmware(0): Output Virtual3 has no monitor section
[    12.105] (II) vmware(0): Output Virtual4 has no monitor section
[    12.105] (II) vmware(0): Output Virtual5 has no monitor section
[    12.105] (II) vmware(0): Output Virtual6 has no monitor section
[    12.105] (II) vmware(0): Output Virtual7 has no monitor section
[    12.105] (II) vmware(0): Output Virtual8 has no monitor section
[    12.105] (II) vmware(0): Printing probed modes for output Virtual1
[    12.106] (II) vmware(0): Modeline "800x600"x60.0   42.75  800 850 900 950  600 650 700 750 -hsync +vsync (45.0 kHz eP)
[    12.106] (II) vmware(0): Modeline "2560x1600"x60.0  348.50  2560 2752 3032 3504  1600 1603 1609 1658 -hsync +vsync (99.5 kHz e)
[    12.106] (II) vmware(0): Modeline "1920x1440"x60.0  234.00  1920 2048 2256 2600  1440 1441 1444 1500 -hsync +vsync (90.0 kHz e)
[    12.106] (II) vmware(0): Modeline "1856x1392"x60.0  218.25  1856 1952 2176 2528  1392 1393 1396 1439 -hsync +vsync (86.3 kHz e)
[    12.106] (II) vmware(0): Modeline "1792x1344"x60.0  204.75  1792 1920 2120 2448  1344 1345 1348 1394 -hsync +vsync (83.6 kHz e)
[    12.106] (II) vmware(0): Modeline "1920x1200"x59.9  193.25  1920 2056 2256 2592  1200 1203 1209 1245 -hsync +vsync (74.6 kHz e)
[    12.106] (II) vmware(0): Modeline "1600x1200"x60.0  162.00  1600 1664 1856 2160  1200 1201 1204 1250 +hsync +vsync (75.0 kHz e)
[    12.106] (II) vmware(0): Modeline "1680x1050"x60.0  146.25  1680 1784 1960 2240  1050 1053 1059 1089 -hsync +vsync (65.3 kHz e)
[    12.106] (II) vmware(0): Modeline "1400x1050"x60.0  121.75  1400 1488 1632 1864  1050 1053 1057 1089 -hsync +vsync (65.3 kHz e)
[    12.106] (II) vmware(0): Modeline "1280x1024"x60.0  108.00  1280 1328 1440 1688  1024 1025 1028 1066 +hsync +vsync (64.0 kHz e)
[    12.106] (II) vmware(0): Modeline "1440x900"x59.9  106.50  1440 1520 1672 1904  900 903 909 934 -hsync +vsync (55.9 kHz e)
[    12.106] (II) vmware(0): Modeline "1280x960"x60.0  108.00  1280 1376 1488 1800  960 961 964 1000 +hsync +vsync (60.0 kHz e)
[    12.106] (II) vmware(0): Modeline "1360x768"x60.0   85.50  1360 1424 1536 1792  768 771 777 795 +hsync +vsync (47.7 kHz e)
[    12.106] (II) vmware(0): Modeline "1280x800"x59.8   83.50  1280 1352 1480 1680  800 803 809 831 +hsync -vsync (49.7 kHz e)
[    12.106] (II) vmware(0): Modeline "1152x864"x75.0  108.00  1152 1216 1344 1600  864 865 868 900 +hsync +vsync (67.5 kHz e)
[    12.106] (II) vmware(0): Modeline "1280x768"x59.9   79.50  1280 1344 1472 1664  768 771 778 798 -hsync +vsync (47.8 kHz e)
[    12.106] (II) vmware(0): Modeline "1024x768"x60.0   65.00  1024 1048 1184 1344  768 771 777 806 -hsync -vsync (48.4 kHz e)
[    12.106] (II) vmware(0): Modeline "800x600"x60.3   40.00  800 840 968 1056  600 601 605 628 +hsync +vsync (37.9 kHz e)
[    12.106] (II) vmware(0): Modeline "640x480"x59.9   25.18  640 656 752 800  480 489 492 525 -hsync -vsync (31.5 kHz e)
[    12.106] (II) vmware(0): EDID for output Virtual2
[    12.106] (II) vmware(0): EDID for output Virtual3
[    12.106] (II) vmware(0): EDID for output Virtual4
[    12.106] (II) vmware(0): EDID for output Virtual5
[    12.106] (II) vmware(0): EDID for output Virtual6
[    12.106] (II) vmware(0): EDID for output Virtual7
[    12.106] (II) vmware(0): EDID for output Virtual8
[    12.106] (II) vmware(0): Output Virtual1 connected
[    12.106] (II) vmware(0): Output Virtual2 disconnected
[    12.106] (II) vmware(0): Output Virtual3 disconnected
[    12.106] (II) vmware(0): Output Virtual4 disconnected
[    12.106] (II) vmware(0): Output Virtual5 disconnected
[    12.106] (II) vmware(0): Output Virtual6 disconnected
[    12.106] (II) vmware(0): Output Virtual7 disconnected
[    12.106] (II) vmware(0): Output Virtual8 disconnected
[    12.106] (II) vmware(0): Using exact sizes for initial modes
[    12.106] (II) vmware(0): Output Virtual1 using initial mode 800x600 +0+0
[    12.106] (==) vmware(0): DPI set to (96, 96)
[    12.106] (==) vmware(0): Using gamma correction (1.0, 1.0, 1.0)
[    12.106] (II) Loading sub module "fb"
[    12.106] (II) LoadModule: "fb"
[    12.106] (II) Loading /usr/lib/xorg/modules/libfb.so
[    12.119] (II) Module fb: vendor="X.Org Foundation"
[    12.119] 	compiled for 1.20.4, module version = 1.0.0
[    12.119] 	ABI class: X.Org ANSI C Emulation, version 0.4
[    12.119] (II) Loading sub module "dri2"
[    12.119] (II) LoadModule: "dri2"
[    12.119] (II) Module "dri2" already built-in
[    12.119] (II) Loading sub module "dri3"
[    12.119] (II) LoadModule: "dri3"
[    12.119] (II) Module "dri3" already built-in
[    12.119] (II) UnloadModule: "modesetting"
[    12.119] (II) Unloading modesetting
[    12.119] (II) UnloadModule: "fbdev"
[    12.119] (II) Unloading fbdev
[    12.119] (II) UnloadSubModule: "fbdevhw"
[    12.119] (II) Unloading fbdevhw
[    12.119] (II) UnloadModule: "vesa"
[    12.119] (II) Unloading vesa
[    12.122] (II) vmware(0): Initialized VMWARE_CTRL extension version 0.2
[    12.139] (WW) vmware(0): Failed to initialize Gallium3D Xa. No render acceleration available.
[    12.140] (WW) vmware(0): Skipped initialization of direct rendering due to lack of render acceleration.
[    12.140] (--) vmware(0): Render acceleration is disabled.
[    12.140] (==) vmware(0): Rendercheck mode is disabled.
[    12.140] (--) vmware(0): Direct rendering (DRI2 3D) is disabled.
[    12.140] (--) vmware(0): Direct rendering (DRI3 3D) is disabled.
[    12.140] (==) vmware(0): Backing store enabled
[    12.140] (==) vmware(0): Silken mouse enabled
[    12.145] (==) vmware(0): DPMS enabled
[    12.145] (II) vmware(0): No 3D acceleration. Not setting up textured video.
[    12.146] (WW) vmware(0): Disabling Xv because no adaptors could be initialized.
[    12.146] (II) Initializing extension Generic Event Extension
[    12.146] (II) Initializing extension SHAPE
[    12.147] (II) Initializing extension MIT-SHM
[    12.148] (II) Initializing extension XInputExtension
[    12.149] (II) Initializing extension XTEST
[    12.149] (II) Initializing extension BIG-REQUESTS
[    12.150] (II) Initializing extension SYNC
[    12.150] (II) Initializing extension XKEYBOARD
[    12.151] (II) Initializing extension XC-MISC
[    12.151] (II) Initializing extension SECURITY
[    12.152] (II) Initializing extension XFIXES
[    12.153] (II) Initializing extension RENDER
[    12.153] (II) Initializing extension RANDR
[    12.154] (II) Initializing extension COMPOSITE
[    12.155] (II) Initializing extension DAMAGE
[    12.155] (II) Initializing extension MIT-SCREEN-SAVER
[    12.156] (II) Initializing extension DOUBLE-BUFFER
[    12.156] (II) Initializing extension RECORD
[    12.157] (II) Initializing extension DPMS
[    12.157] (II) Initializing extension Present
[    12.158] (II) Initializing extension DRI3
[    12.158] (II) Initializing extension X-Resource
[    12.159] (II) Initializing extension XVideo
[    12.160] (II) Initializing extension XVideo-MotionCompensation
[    12.160] (II) Initializing extension SELinux
[    12.160] (II) SELinux: Disabled on system
[    12.161] (II) Initializing extension GLX
[    12.161] (II) AIGLX: Screen 0 is not DRI2 capable
[    12.229] (II) IGLX: Loaded and initialized swrast
[    12.230] (II) GLX: Initialized DRISWRAST GL provider for screen 0
[    12.230] (II) Initializing extension XFree86-VidModeExtension
[    12.235] (II) Initializing extension XFree86-DGA
[    12.235] (II) Initializing extension XFree86-DRI
[    12.247] (II) Initializing extension DRI2
[    12.255] (II) vmware(0): Setting screen physical size to 211 x 158
[    12.444] (II) config/udev: Adding input device Power Button (/dev/input/event0)
[    12.445] (**) Power Button: Applying InputClass "libinput keyboard catchall"
[    12.445] (II) LoadModule: "libinput"
[    12.445] (II) Loading /usr/lib/xorg/modules/input/libinput_drv.so
[    12.469] (II) Module libinput: vendor="X.Org Foundation"
[    12.469] 	compiled for 1.20.1, module version = 0.28.1
[    12.469] 	Module class: X.Org XInput Driver
[    12.469] 	ABI class: X.Org XInput driver, version 24.1
[    12.469] (II) Using input driver 'libinput' for 'Power Button'
[    12.472] (II) systemd-logind: got fd for /dev/input/event0 13:64 fd 20 paused 0
[    12.472] (**) Power Button: always reports core events
[    12.472] (**) Option "Device" "/dev/input/event0"
[    12.472] (**) Option "_source" "server/udev"
[    12.473] (II) event0  - Power Button: is tagged by udev as: Keyboard
[    12.473] (II) event0  - Power Button: device is a keyboard
[    12.473] (II) event0  - Power Button: device removed
[    12.473] (**) Option "config_info" "udev:/sys/devices/LNXSYSTM:00/LNXPWRBN:00/input/input0/event0"
[    12.473] (II) XINPUT: Adding extended input device "Power Button" (type: KEYBOARD, id 6)
[    12.473] (**) Option "xkb_model" "pc105"
[    12.474] (**) Option "xkb_layout" "us,in"
[    12.474] (**) Option "xkb_variant" ","
[    12.474] (**) Option "xkb_options" "grp_led:scroll"
[    12.594] (II) event0  - Power Button: is tagged by udev as: Keyboard
[    12.595] (II) event0  - Power Button: device is a keyboard
[    12.597] (II) config/udev: Adding input device Sleep Button (/dev/input/event1)
[    12.597] (**) Sleep Button: Applying InputClass "libinput keyboard catchall"
[    12.597] (II) Using input driver 'libinput' for 'Sleep Button'
[    12.600] (II) systemd-logind: got fd for /dev/input/event1 13:65 fd 23 paused 0
[    12.600] (**) Sleep Button: always reports core events
[    12.600] (**) Option "Device" "/dev/input/event1"
[    12.600] (**) Option "_source" "server/udev"
[    12.601] (II) event1  - Sleep Button: is tagged by udev as: Keyboard
[    12.601] (II) event1  - Sleep Button: device is a keyboard
[    12.601] (II) event1  - Sleep Button: device removed
[    12.601] (**) Option "config_info" "udev:/sys/devices/LNXSYSTM:00/LNXSLPBN:00/input/input1/event1"
[    12.601] (II) XINPUT: Adding extended input device "Sleep Button" (type: KEYBOARD, id 7)
[    12.601] (**) Option "xkb_model" "pc105"
[    12.601] (**) Option "xkb_layout" "us,in"
[    12.601] (**) Option "xkb_variant" ","
[    12.601] (**) Option "xkb_options" "grp_led:scroll"
[    12.604] (II) event1  - Sleep Button: is tagged by udev as: Keyboard
[    12.604] (II) event1  - Sleep Button: device is a keyboard
[    12.605] (II) config/udev: Adding input device Video Bus (/dev/input/event3)
[    12.605] (**) Video Bus: Applying InputClass "libinput keyboard catchall"
[    12.605] (II) Using input driver 'libinput' for 'Video Bus'
[    12.608] (II) systemd-logind: got fd for /dev/input/event3 13:67 fd 24 paused 0
[    12.608] (**) Video Bus: always reports core events
[    12.608] (**) Option "Device" "/dev/input/event3"
[    12.608] (**) Option "_source" "server/udev"
[    12.611] (II) event3  - Video Bus: is tagged by udev as: Keyboard
[    12.611] (II) event3  - Video Bus: device is a keyboard
[    12.611] (II) event3  - Video Bus: device removed
[    12.611] (**) Option "config_info" "udev:/sys/devices/LNXSYSTM:00/LNXSYBUS:00/PNP0A03:00/LNXVIDEO:00/input/input4/event3"
[    12.611] (II) XINPUT: Adding extended input device "Video Bus" (type: KEYBOARD, id 8)
[    12.611] (**) Option "xkb_model" "pc105"
[    12.611] (**) Option "xkb_layout" "us,in"
[    12.611] (**) Option "xkb_variant" ","
[    12.611] (**) Option "xkb_options" "grp_led:scroll"
[    12.613] (II) event3  - Video Bus: is tagged by udev as: Keyboard
[    12.613] (II) event3  - Video Bus: device is a keyboard
[    12.615] (II) config/udev: Adding input device VirtualBox mouse integration (/dev/input/event6)
[    12.615] (**) VirtualBox mouse integration: Applying InputClass "libinput pointer catchall"
[    12.615] (II) Using input driver 'libinput' for 'VirtualBox mouse integration'
[    12.618] (II) systemd-logind: got fd for /dev/input/event6 13:70 fd 25 paused 0
[    12.619] (**) VirtualBox mouse integration: always reports core events
[    12.619] (**) Option "Device" "/dev/input/event6"
[    12.619] (**) Option "_source" "server/udev"
[    12.620] (II) event6  - VirtualBox mouse integration: is tagged by udev as: Mouse
[    12.620] (II) event6  - VirtualBox mouse integration: device is a pointer
[    12.620] (II) event6  - VirtualBox mouse integration: device removed
[    12.620] (**) Option "config_info" "udev:/sys/devices/pci0000:00/0000:00:04.0/input/input7/event6"
[    12.621] (II) XINPUT: Adding extended input device "VirtualBox mouse integration" (type: MOUSE, id 9)
[    12.621] (**) Option "AccelerationScheme" "none"
[    12.621] (**) VirtualBox mouse integration: (accel) selected scheme none/0
[    12.622] (**) VirtualBox mouse integration: (accel) acceleration factor: 2.000
[    12.622] (**) VirtualBox mouse integration: (accel) acceleration threshold: 4
[    12.623] (II) event6  - VirtualBox mouse integration: is tagged by udev as: Mouse
[    12.623] (II) event6  - VirtualBox mouse integration: device is a pointer
[    12.624] (II) config/udev: Adding input device VirtualBox mouse integration (/dev/input/js1)
[    12.624] (II) No input driver specified, ignoring this device.
[    12.624] (II) This device may have been added with another device file.
[    12.625] (II) config/udev: Adding input device VirtualBox USB Tablet (/dev/input/event5)
[    12.625] (**) VirtualBox USB Tablet: Applying InputClass "libinput pointer catchall"
[    12.626] (II) Using input driver 'libinput' for 'VirtualBox USB Tablet'
[    12.687] (II) systemd-logind: got fd for /dev/input/event5 13:69 fd 26 paused 0
[    12.688] (**) VirtualBox USB Tablet: always reports core events
[    12.688] (**) Option "Device" "/dev/input/event5"
[    12.688] (**) Option "_source" "server/udev"
[    12.689] (II) event5  - VirtualBox USB Tablet: is tagged by udev as: Mouse
[    12.689] (II) event5  - VirtualBox USB Tablet: device is a pointer
[    12.689] (II) event5  - VirtualBox USB Tablet: device removed
[    12.689] (**) Option "config_info" "udev:/sys/devices/pci0000:00/0000:00:06.0/usb1/1-1/1-1:1.0/0003:80EE:0021.0001/input/input6/event5"
[    12.690] (II) XINPUT: Adding extended input device "VirtualBox USB Tablet" (type: MOUSE, id 10)
[    12.690] (**) Option "AccelerationScheme" "none"
[    12.691] (**) VirtualBox USB Tablet: (accel) selected scheme none/0
[    12.691] (**) VirtualBox USB Tablet: (accel) acceleration factor: 2.000
[    12.691] (**) VirtualBox USB Tablet: (accel) acceleration threshold: 4
[    12.692] (II) event5  - VirtualBox USB Tablet: is tagged by udev as: Mouse
[    12.692] (II) event5  - VirtualBox USB Tablet: device is a pointer
[    12.694] (II) config/udev: Adding input device VirtualBox USB Tablet (/dev/input/js0)
[    12.694] (II) No input driver specified, ignoring this device.
[    12.694] (II) This device may have been added with another device file.
[    12.695] (II) config/udev: Adding input device VirtualBox USB Tablet (/dev/input/mouse1)
[    12.696] (II) No input driver specified, ignoring this device.
[    12.696] (II) This device may have been added with another device file.
[    12.697] (II) config/udev: Adding input device AT Translated Set 2 keyboard (/dev/input/event2)
[    12.697] (**) AT Translated Set 2 keyboard: Applying InputClass "libinput keyboard catchall"
[    12.697] (II) Using input driver 'libinput' for 'AT Translated Set 2 keyboard'
[    12.699] (II) systemd-logind: got fd for /dev/input/event2 13:66 fd 27 paused 0
[    12.699] (**) AT Translated Set 2 keyboard: always reports core events
[    12.699] (**) Option "Device" "/dev/input/event2"
[    12.699] (**) Option "_source" "server/udev"
[    12.700] (II) event2  - AT Translated Set 2 keyboard: is tagged by udev as: Keyboard
[    12.700] (II) event2  - AT Translated Set 2 keyboard: device is a keyboard
[    12.700] (II) event2  - AT Translated Set 2 keyboard: device removed
[    12.700] (**) Option "config_info" "udev:/sys/devices/platform/i8042/serio0/input/input2/event2"
[    12.701] (II) XINPUT: Adding extended input device "AT Translated Set 2 keyboard" (type: KEYBOARD, id 11)
[    12.701] (**) Option "xkb_model" "pc105"
[    12.701] (**) Option "xkb_layout" "us,in"
[    12.701] (**) Option "xkb_variant" ","
[    12.701] (**) Option "xkb_options" "grp_led:scroll"
[    12.704] (II) event2  - AT Translated Set 2 keyboard: is tagged by udev as: Keyboard
[    12.704] (II) event2  - AT Translated Set 2 keyboard: device is a keyboard
[    12.705] (II) config/udev: Adding input device ImExPS/2 Generic Explorer Mouse (/dev/input/event4)
[    12.705] (**) ImExPS/2 Generic Explorer Mouse: Applying InputClass "libinput pointer catchall"
[    12.706] (II) Using input driver 'libinput' for 'ImExPS/2 Generic Explorer Mouse'
[    12.708] (II) systemd-logind: got fd for /dev/input/event4 13:68 fd 28 paused 0
[    12.708] (**) ImExPS/2 Generic Explorer Mouse: always reports core events
[    12.708] (**) Option "Device" "/dev/input/event4"
[    12.708] (**) Option "_source" "server/udev"
[    12.710] (II) event4  - ImExPS/2 Generic Explorer Mouse: is tagged by udev as: Mouse
[    12.710] (II) event4  - ImExPS/2 Generic Explorer Mouse: device is a pointer
[    12.710] (II) event4  - ImExPS/2 Generic Explorer Mouse: device removed
[    12.710] (**) Option "config_info" "udev:/sys/devices/platform/i8042/serio1/input/input5/event4"
[    12.711] (II) XINPUT: Adding extended input device "ImExPS/2 Generic Explorer Mouse" (type: MOUSE, id 12)
[    12.711] (**) Option "AccelerationScheme" "none"
[    12.712] (**) ImExPS/2 Generic Explorer Mouse: (accel) selected scheme none/0
[    12.712] (**) ImExPS/2 Generic Explorer Mouse: (accel) acceleration factor: 2.000
[    12.712] (**) ImExPS/2 Generic Explorer Mouse: (accel) acceleration threshold: 4
[    12.713] (II) event4  - ImExPS/2 Generic Explorer Mouse: is tagged by udev as: Mouse
[    12.713] (II) event4  - ImExPS/2 Generic Explorer Mouse: device is a pointer
[    12.714] (II) config/udev: Adding input device ImExPS/2 Generic Explorer Mouse (/dev/input/mouse0)
[    12.714] (II) No input driver specified, ignoring this device.
[    12.714] (II) This device may have been added with another device file.
